<?xml version="1.0" encoding="UTF-8"?>
<!-- Generated by org.testng.reporters.JUnitXMLReporter -->
<testsuite hostname="EPINPUNW0017" ignored="0" name="Default test" tests="6" failures="0" timestamp="21 Nov 2017 17:36:06 GMT" time="0.078" errors="0">
  <testcase name="testScenarioFive" time="0.015" classname="com.nanda.magnitude.TestCases"/>
  <testcase name="testScenarioFour" time="0.002" classname="com.nanda.magnitude.TestCases"/>
  <testcase name="testScenarioOne" time="0.003" classname="com.nanda.magnitude.TestCases"/>
  <testcase name="testScenarioSix" time="0.002" classname="com.nanda.magnitude.TestCases"/>
  <testcase name="testScenarioThree" time="0.006" classname="com.nanda.magnitude.TestCases"/>
  <testcase name="testScenarioTwo" time="0.002" classname="com.nanda.magnitude.TestCases"/>
</testsuite> <!-- Default test -->
