<?xml version="1.0" encoding="UTF-8"?>
<testng-results skipped="0" failed="0" ignored="0" total="6" passed="6">
  <reporter-output>
  </reporter-output>
  <suite name="Default suite" duration-ms="77" started-at="2017-11-21T17:51:27Z" finished-at="2017-11-21T17:51:27Z">
    <groups>
    </groups>
    <test name="Default test" duration-ms="77" started-at="2017-11-21T17:51:27Z" finished-at="2017-11-21T17:51:27Z">
      <class name="com.nanda.magnitude.TestCases">
        <test-method status="PASS" signature="testScenarioFive()[pri:0, instance:com.nanda.magnitude.TestCases@6276ae34]" name="testScenarioFive" duration-ms="19" started-at="2017-11-21T23:21:27Z" finished-at="2017-11-21T23:21:27Z">
          <reporter-output>
          </reporter-output>
        </test-method> <!-- testScenarioFive -->
        <test-method status="PASS" signature="testScenarioFour()[pri:0, instance:com.nanda.magnitude.TestCases@6276ae34]" name="testScenarioFour" duration-ms="2" started-at="2017-11-21T23:21:27Z" finished-at="2017-11-21T23:21:27Z">
          <reporter-output>
          </reporter-output>
        </test-method> <!-- testScenarioFour -->
        <test-method status="PASS" signature="testScenarioOne()[pri:0, instance:com.nanda.magnitude.TestCases@6276ae34]" name="testScenarioOne" duration-ms="3" started-at="2017-11-21T23:21:27Z" finished-at="2017-11-21T23:21:27Z">
          <reporter-output>
          </reporter-output>
        </test-method> <!-- testScenarioOne -->
        <test-method status="PASS" signature="testScenarioSix()[pri:0, instance:com.nanda.magnitude.TestCases@6276ae34]" name="testScenarioSix" duration-ms="2" started-at="2017-11-21T23:21:27Z" finished-at="2017-11-21T23:21:27Z">
          <reporter-output>
          </reporter-output>
        </test-method> <!-- testScenarioSix -->
        <test-method status="PASS" signature="testScenarioThree()[pri:0, instance:com.nanda.magnitude.TestCases@6276ae34]" name="testScenarioThree" duration-ms="3" started-at="2017-11-21T23:21:27Z" finished-at="2017-11-21T23:21:27Z">
          <reporter-output>
          </reporter-output>
        </test-method> <!-- testScenarioThree -->
        <test-method status="PASS" signature="testScenarioTwo()[pri:0, instance:com.nanda.magnitude.TestCases@6276ae34]" name="testScenarioTwo" duration-ms="2" started-at="2017-11-21T23:21:27Z" finished-at="2017-11-21T23:21:27Z">
          <reporter-output>
          </reporter-output>
        </test-method> <!-- testScenarioTwo -->
      </class> <!-- com.nanda.magnitude.TestCases -->
    </test> <!-- Default test -->
  </suite> <!-- Default suite -->
</testng-results>
